Webmail-master/app/build/outputs/logs/manifest-merger-debug-report.txt
-- Merging decision tree log ---
manifest
ADDED from src\main\AndroidManifest.xml:2:1-71:12
	package
		ADDED from src\main\AndroidManifest.xml:3:5-34
		INJECTED from src\main\AndroidManifest.xml
		INJECTED from src\main\AndroidManifest.xml
	android:versionName
		ADDED from src\main\AndroidManifest.xml:5:5-30
		INJECTED from src\main\AndroidManifest.xml
		INJECTED from src\main\AndroidManifest.xml
	android:versionCode
		ADDED from src\main\AndroidManifest.xml:4:5-28
		INJECTED from src\main\AndroidManifest.xml
		INJECTED from src\main\AndroidManifest.xml
	xmlns:android
		ADDED from src\main\AndroidManifest.xml:2:11-69
uses-sdk
ADDED from src\main\AndroidManifest.xml:7:5-9:41
MERGED from [com.android.support:appcompat-v7:19.1.0] AndroidManifest.xml:18:5-42
	android:targetSdkVersion
		ADDED from src\main\AndroidManifest.xml:9:9-38
		INJECTED from src\main\AndroidManifest.xml
		INJECTED from src\main\AndroidManifest.xml
	android:minSdkVersion
		ADDED from src\main\AndroidManifest.xml:8:9-34
		INJECTED from src\main\AndroidManifest.xml
		INJECTED from src\main\AndroidManifest.xml
uses-permission#android.permission.INTERNET
ADDED from src\main\AndroidManifest.xml:11:5-67
	android:name
		ADDED from src\main\AndroidManifest.xml:11:22-64
uses-permission#android.permission.READ_EXTERNAL_STORAGE
ADDED from src\main\AndroidManifest.xml:12:5-80
	android:name
		ADDED from src\main\AndroidManifest.xml:12:22-77
uses-permission#android.permission.WRITE_EXTERNAL_STORAGE
ADDED from src\main\AndroidManifest.xml:13:9-85
	android:name
		ADDED from src\main\AndroidManifest.xml:13:26-82
application
ADDED from src\main\AndroidManifest.xml:15:5-69:19
MERGED from [com.android.support:appcompat-v7:19.1.0] AndroidManifest.xml:19:5-20
	android:label
		ADDED from src\main\AndroidManifest.xml:18:9-41
	android:allowBackup
		ADDED from src\main\AndroidManifest.xml:16:9-35
	android:icon
		ADDED from src\main\AndroidManifest.xml:17:9-45
	android:theme
		ADDED from src\main\AndroidManifest.xml:19:9-40
activity#com.example.webmail.LoginActivity
ADDED from src\main\AndroidManifest.xml:20:9-35:20
	android:label
		ADDED from src\main\AndroidManifest.xml:22:13-38
	android:name
		ADDED from src\main\AndroidManifest.xml:21:13-61
intent-filter#android.intent.action.MAIN+android.intent.category.LAUNCHER
ADDED from src\main\AndroidManifest.xml:23:13-26:29
action#android.intent.action.MAIN
ADDED from src\main\AndroidManifest.xml:24:17-69
	android:name
		ADDED from src\main\AndroidManifest.xml:24:25-66
category#android.intent.category.LAUNCHER
ADDED from src\main\AndroidManifest.xml:25:17-77
	android:name
		ADDED from src\main\AndroidManifest.xml:25:27-74
intent-filter#android.intent.action.SEND+android.intent.category.DEFAULT
ADDED from src\main\AndroidManifest.xml:28:13-33:29
action#android.intent.action.SEND
ADDED from src\main\AndroidManifest.xml:29:17-69
	android:name
		ADDED from src\main\AndroidManifest.xml:29:25-66
category#android.intent.category.DEFAULT
ADDED from src\main\AndroidManifest.xml:30:17-76
	android:name
		ADDED from src\main\AndroidManifest.xml:30:27-73
data
ADDED from src\main\AndroidManifest.xml:31:17-55
	android:mimeType
		ADDED from src\main\AndroidManifest.xml:31:23-52
activity#com.example.webmail.SettingsActivity
ADDED from src\main\AndroidManifest.xml:36:9-43:20
	android:label
		ADDED from src\main\AndroidManifest.xml:38:13-37
	android:parentActivityName
		ADDED from src\main\AndroidManifest.xml:39:13-75
	android:name
		ADDED from src\main\AndroidManifest.xml:37:13-64
meta-data#android.support.PARENT_ACTIVITY
ADDED from src\main\AndroidManifest.xml:40:13-42:68
	android:value
		ADDED from src\main\AndroidManifest.xml:42:17-65
	android:name
		ADDED from src\main\AndroidManifest.xml:41:17-63
service#com.example.webmail.DownloadAttachment
ADDED from src\main\AndroidManifest.xml:45:9-74
	android:name
		ADDED from src\main\AndroidManifest.xml:45:18-71
service#com.example.webmail.SendMessage
ADDED from src\main\AndroidManifest.xml:46:9-67
	android:name
		ADDED from src\main\AndroidManifest.xml:46:18-64
service#com.example.webmail.SendMessage2
ADDED from src\main\AndroidManifest.xml:47:9-68
	android:name
		ADDED from src\main\AndroidManifest.xml:47:18-65
service#com.example.webmail.SetRead
ADDED from src\main\AndroidManifest.xml:48:9-63
	android:name
		ADDED from src\main\AndroidManifest.xml:48:18-60
service#com.example.webmail.DeleteMail
ADDED from src\main\AndroidManifest.xml:49:9-66
	android:name
		ADDED from src\main\AndroidManifest.xml:49:18-63
service#com.example.webmail.DeleteMails
ADDED from src\main\AndroidManifest.xml:50:9-67
	android:name
		ADDED from src\main\AndroidManifest.xml:50:18-64
service#com.example.webmail.Sync
ADDED from src\main\AndroidManifest.xml:51:9-60
	android:name
		ADDED from src\main\AndroidManifest.xml:51:18-57
service#com.example.webmail.Fetch
ADDED from src\main\AndroidManifest.xml:52:9-61
	android:name
		ADDED from src\main\AndroidManifest.xml:52:18-58
service#com.example.webmail.Flag
ADDED from src\main\AndroidManifest.xml:53:9-60
	android:name
		ADDED from src\main\AndroidManifest.xml:53:18-57
receiver#com.example.webmail.NotificationReceiver
ADDED from src\main\AndroidManifest.xml:55:9-59:20
	android:name
		ADDED from src\main\AndroidManifest.xml:55:19-74
intent-filter#com.example.webmail.inbox
ADDED from src\main\AndroidManifest.xml:56:13-58:29
action#com.example.webmail.inbox
ADDED from src\main\AndroidManifest.xml:57:17-68
	android:name
		ADDED from src\main\AndroidManifest.xml:57:25-65
activity#com.example.webmail.AboutActivity
ADDED from src\main\AndroidManifest.xml:61:9-65:20
	android:label
		ADDED from src\main\AndroidManifest.xml:63:13-42
	android:parentActivityName
		ADDED from src\main\AndroidManifest.xml:64:13-75
	android:name
		ADDED from src\main\AndroidManifest.xml:62:13-61
activity#com.example.webmail.MainActivity
ADDED from src\main\AndroidManifest.xml:67:9-50
	android:name
		ADDED from src\main\AndroidManifest.xml:67:19-47
activity#com.example.webmail.BodyActivity
ADDED from src\main\AndroidManifest.xml:68:9-50
	android:name
		ADDED from src\main\AndroidManifest.xml:68:19-47